# JRE version: Java(TM) SE Runtime Environment (8.0_101-b13) (build 1.8.0_101-b13)
# Java VM: Java HotSpot(TM) 64-Bit Server VM (25.101-b13 mixed mode windows-amd64 compressed oops)
Heap:
 PSYoungGen      total 523776K, used 321557K [0x000000078bb80000, 0x00000007b8a00000, 0x00000007c0000000)
  eden space 511488K, 61% used [0x000000078bb80000,0x000000079f086160,0x00000007aaf00000)
  from space 12288K, 41% used [0x00000007aaf00000,0x00000007ab3ff640,0x00000007abb00000)
  to   space 9728K, 0% used [0x00000007b8080000,0x00000007b8080000,0x00000007b8a00000)
 ParOldGen       total 108032K, used 50006K [0x0000000723200000, 0x0000000729b80000, 0x000000078bb80000)
  object space 108032K, 46% used [0x0000000723200000,0x00000007262d5850,0x0000000729b80000)
 Metaspace       used 18494K, capacity 19106K, committed 19328K, reserved 1067008K
  class space    used 2182K, capacity 2376K, committed 2432K, reserved 1048576K
GC Heap History (10 events):
Event: 12.878 GC heap before
{Heap before GC invocations=19 (full 0):
 PSYoungGen      total 523264K, used 515520K [0x000000078bb80000, 0x00000007ac700000, 0x00000007c0000000)
  eden space 511488K, 100% used [0x000000078bb80000,0x00000007aaf00000,0x00000007aaf00000)
  from space 11776K, 34% used [0x00000007abb80000,0x00000007abf70020,0x00000007ac700000)
  to   space 12288K, 0% used [0x00000007aaf00000,0x00000007aaf00000,0x00000007abb00000)
 ParOldGen       total 108032K, used 38061K [0x0000000723200000, 0x0000000729b80000, 0x000000078bb80000)
  object space 108032K, 35% used [0x0000000723200000,0x000000072572b680,0x0000000729b80000)
 Metaspace       used 18179K, capacity 18754K, committed 19072K, reserved 1067008K
  class space    used 2156K, capacity 2344K, committed 2432K, reserved 1048576K
Event: 12.911 GC heap after
Heap after GC invocations=19 (full 0):
 PSYoungGen      total 523776K, used 2640K [0x000000078bb80000, 0x00000007ac700000, 0x00000007c0000000)
  eden space 511488K, 0% used [0x000000078bb80000,0x000000078bb80000,0x00000007aaf00000)
  from space 12288K, 21% used [0x00000007aaf00000,0x00000007ab194020,0x00000007abb00000)
  to   space 11776K, 0% used [0x00000007abb80000,0x00000007abb80000,0x00000007ac700000)
 ParOldGen       total 108032K, used 41989K [0x0000000723200000, 0x0000000729b80000, 0x000000078bb80000)
  object space 108032K, 38% used [0x0000000723200000,0x0000000725b01720,0x0000000729b80000)
 Metaspace       used 18179K, capacity 18754K, committed 19072K, reserved 1067008K
  class space    used 2156K, capacity 2344K, committed 2432K, reserved 1048576K
}
Event: 13.448 GC heap before
{Heap before GC invocations=20 (full 0):
 PSYoungGen      total 523776K, used 514128K [0x000000078bb80000, 0x00000007ac700000, 0x00000007c0000000)
  eden space 511488K, 100% used [0x000000078bb80000,0x00000007aaf00000,0x00000007aaf00000)
  from space 12288K, 21% used [0x00000007aaf00000,0x00000007ab194020,0x00000007abb00000)
  to   space 11776K, 0% used [0x00000007abb80000,0x00000007abb80000,0x00000007ac700000)
 ParOldGen       total 108032K, used 41989K [0x0000000723200000, 0x0000000729b80000, 0x000000078bb80000)
  object space 108032K, 38% used [0x0000000723200000,0x0000000725b01720,0x0000000729b80000)
 Metaspace       used 18179K, capacity 18754K, committed 19072K, reserved 1067008K
  class space    used 2156K, capacity 2344K, committed 2432K, reserved 1048576K
Event: 13.486 GC heap after
Heap after GC invocations=20 (full 0):
 PSYoungGen      total 523264K, used 1544K [0x000000078bb80000, 0x00000007ac700000, 0x00000007c0000000)
  eden space 511488K, 0% used [0x000000078bb80000,0x000000078bb80000,0x00000007aaf00000)
  from space 11776K, 13% used [0x00000007abb80000,0x00000007abd020c8,0x00000007ac700000)
  to   space 12288K, 0% used [0x00000007aaf00000,0x00000007aaf00000,0x00000007abb00000)
 ParOldGen       total 108032K, used 44517K [0x0000000723200000, 0x0000000729b80000, 0x000000078bb80000)
  object space 108032K, 41% used [0x0000000723200000,0x0000000725d79790,0x0000000729b80000)
 Metaspace       used 18179K, capacity 18754K, committed 19072K, reserved 1067008K
  class space    used 2156K, capacity 2344K, committed 2432K, reserved 1048576K
}
Event: 14.089 GC heap before
{Heap before GC invocations=21 (full 0):
 PSYoungGen      total 523264K, used 512886K [0x000000078bb80000, 0x00000007ac700000, 0x00000007c0000000)
  eden space 511488K, 99% used [0x000000078bb80000,0x00000007aaedb740,0x00000007aaf00000)
  from space 11776K, 13% used [0x00000007abb80000,0x00000007abd020c8,0x00000007ac700000)
  to   space 12288K, 0% used [0x00000007aaf00000,0x00000007aaf00000,0x00000007abb00000)
 ParOldGen       total 108032K, used 44517K [0x0000000723200000, 0x0000000729b80000, 0x000000078bb80000)
  object space 108032K, 41% used [0x0000000723200000,0x0000000725d79790,0x0000000729b80000)
 Metaspace       used 18179K, capacity 18754K, committed 19072K, reserved 1067008K
  class space    used 2156K, capacity 2344K, committed 2432K, reserved 1048576K
Event: 14.093 GC heap after
Heap after GC invocations=21 (full 0):
 PSYoungGen      total 523776K, used 2412K [0x000000078bb80000, 0x00000007ac700000, 0x00000007c0000000)
  eden space 511488K, 0% used [0x000000078bb80000,0x000000078bb80000,0x00000007aaf00000)
  from space 12288K, 19% used [0x00000007aaf00000,0x00000007ab15b318,0x00000007abb00000)
  to   space 11776K, 0% used [0x00000007abb80000,0x00000007abb80000,0x00000007ac700000)
 ParOldGen       total 108032K, used 45933K [0x0000000723200000, 0x0000000729b80000, 0x000000078bb80000)
  object space 108032K, 42% used [0x0000000723200000,0x0000000725edb7b0,0x0000000729b80000)
 Metaspace       used 18179K, capacity 18754K, committed 19072K, reserved 1067008K
  class space    used 2156K, capacity 2344K, committed 2432K, reserved 1048576K
}
Event: 14.968 GC heap before
{Heap before GC invocations=22 (full 0):
 PSYoungGen      total 523776K, used 513900K [0x000000078bb80000, 0x00000007ac700000, 0x00000007c0000000)
  eden space 511488K, 100% used [0x000000078bb80000,0x00000007aaf00000,0x00000007aaf00000)
  from space 12288K, 19% used [0x00000007aaf00000,0x00000007ab15b318,0x00000007abb00000)
  to   space 11776K, 0% used [0x00000007abb80000,0x00000007abb80000,0x00000007ac700000)
 ParOldGen       total 108032K, used 45933K [0x0000000723200000, 0x0000000729b80000, 0x000000078bb80000)
  object space 108032K, 42% used [0x0000000723200000,0x0000000725edb7b0,0x0000000729b80000)
 Metaspace       used 18179K, capacity 18754K, committed 19072K, reserved 1067008K
  class space    used 2156K, capacity 2344K, committed 2432K, reserved 1048576K
Event: 14.971 GC heap after
Heap after GC invocations=22 (full 0):
 PSYoungGen      total 523264K, used 2528K [0x000000078bb80000, 0x00000007ac700000, 0x00000007c0000000)
  eden space 511488K, 0% used [0x000000078bb80000,0x000000078bb80000,0x00000007aaf00000)
  from space 11776K, 21% used [0x00000007abb80000,0x00000007abdf8010,0x00000007ac700000)
  to   space 12288K, 0% used [0x00000007aaf00000,0x00000007aaf00000,0x00000007abb00000)
 ParOldGen       total 108032K, used 47586K [0x0000000723200000, 0x0000000729b80000, 0x000000078bb80000)
  object space 108032K, 44% used [0x0000000723200000,0x0000000726078810,0x0000000729b80000)
 Metaspace       used 18179K, capacity 18754K, committed 19072K, reserved 1067008K
  class space    used 2156K, capacity 2344K, committed 2432K, reserved 1048576K
}
Event: 15.888 GC heap before
{Heap before GC invocations=23 (full 0):
 PSYoungGen      total 523264K, used 514016K [0x000000078bb80000, 0x00000007ac700000, 0x00000007c0000000)
  eden space 511488K, 100% used [0x000000078bb80000,0x00000007aaf00000,0x00000007aaf00000)
  from space 11776K, 21% used [0x00000007abb80000,0x00000007abdf8010,0x00000007ac700000)
  to   space 12288K, 0% used [0x00000007aaf00000,0x00000007aaf00000,0x00000007abb00000)
 ParOldGen       total 108032K, used 47586K [0x0000000723200000, 0x0000000729b80000, 0x000000078bb80000)
  object space 108032K, 44% used [0x0000000723200000,0x0000000726078810,0x0000000729b80000)
 Metaspace       used 18180K, capacity 18754K, committed 19072K, reserved 1067008K
  class space    used 2156K, capacity 2344K, committed 2432K, reserved 1048576K
Event: 15.897 GC heap after
Heap after GC invocations=23 (full 0):
 PSYoungGen      total 523776K, used 5117K [0x000000078bb80000, 0x00000007b8a00000, 0x00000007c0000000)
  eden space 511488K, 0% used [0x000000078bb80000,0x000000078bb80000,0x00000007aaf00000)
  from space 12288K, 41% used [0x00000007aaf00000,0x00000007ab3ff640,0x00000007abb00000)
  to   space 9728K, 0% used [0x00000007b8080000,0x00000007b8080000,0x00000007b8a00000)
 ParOldGen       total 108032K, used 50006K [0x0000000723200000, 0x0000000729b80000, 0x000000078bb80000)
  object space 108032K, 46% used [0x0000000723200000,0x00000007262d5850,0x0000000729b80000)
 Metaspace       used 18180K, capacity 18754K, committed 19072K, reserved 1067008K
  class space    used 2156K, capacity 2344K, committed 2432K, reserved 1048576K
}

